<?xml version="1.0" encoding="UTF-8"?>
<!-- Generated by org.testng.reporters.JUnitReportReporter -->
<testsuite hostname="DESKTOP-BK5B56E" failures="0" tests="3" name="testCases.TC001_RegisterUser" time="14.978" errors="0" timestamp="2023-11-16T11:28:21 COT" skipped="0">
  <testcase classname="testCases.TC001_RegisterUser" name="CheckAccesPage" time="0.052"/>
  <testcase classname="testCases.TC001_RegisterUser" name="checkSignOption" time="2.842"/>
  <testcase classname="testCases.TC001_RegisterUser" name="RegisterNewUser" time="12.084"/>
</testsuite> <!-- testCases.TC001_RegisterUser -->
