<?xml version="1.0" encoding="UTF-8"?>
<!-- Generated by org.testng.reporters.JUnitReportReporter -->
<testsuite hostname="MacBook-Air-de-Jairo.local" failures="0" tests="2" name="testCases.TC001_RegisterUser" time="13.678" errors="0" timestamp="2023-11-15T21:46:59 COT" skipped="0">
  <testcase classname="testCases.TC001_RegisterUser" name="CheckAccesPage" time="0.058"/>
  <testcase classname="testCases.TC001_RegisterUser" name="RegisterNewUser" time="13.620"/>
</testsuite> <!-- testCases.TC001_RegisterUser -->
